c:\users\maciekkubicki\documents\visual studio 2015\projects\qtlanedetector\qtlanedetector\x64\debug\vc140.pdb
c:\users\maciekkubicki\documents\visual studio 2015\projects\qtlanedetector\qtlanedetector\x64\debug\player.obj
c:\users\maciekkubicki\documents\visual studio 2015\projects\qtlanedetector\qtlanedetector\x64\debug\main.obj
c:\users\maciekkubicki\documents\visual studio 2015\projects\qtlanedetector\qtlanedetector\x64\debug\lanedetector.obj
c:\users\maciekkubicki\documents\visual studio 2015\projects\qtlanedetector\qtlanedetector\x64\debug\moc_qtlanedetector.obj
c:\users\maciekkubicki\documents\visual studio 2015\projects\qtlanedetector\qtlanedetector\x64\debug\moc_player.obj
c:\users\maciekkubicki\documents\visual studio 2015\projects\qtlanedetector\qtlanedetector\x64\debug\qrc_qtlanedetector.obj
c:\users\maciekkubicki\documents\visual studio 2015\projects\qtlanedetector\qtlanedetector\x64\debug\qtlanedetector.obj
c:\users\maciekkubicki\documents\visual studio 2015\projects\qtlanedetector\qtlanedetector\generatedfiles\debug\moc_player.cpp
c:\users\maciekkubicki\documents\visual studio 2015\projects\qtlanedetector\qtlanedetector\generatedfiles\qrc_qtlanedetector.cpp
c:\users\maciekkubicki\documents\visual studio 2015\projects\qtlanedetector\qtlanedetector\generatedfiles\ui_qtlanedetector.h
c:\users\maciekkubicki\documents\visual studio 2015\projects\qtlanedetector\qtlanedetector\generatedfiles\debug\moc_qtlanedetector.cpp
c:\users\maciekkubicki\documents\visual studio 2015\projects\qtlanedetector\x64\debug\qtlanedetector.ilk
c:\users\maciekkubicki\documents\visual studio 2015\projects\qtlanedetector\x64\debug\qtlanedetector.exe
c:\users\maciekkubicki\documents\visual studio 2015\projects\qtlanedetector\x64\debug\qtlanedetector.pdb
c:\users\maciekkubicki\documents\visual studio 2015\projects\qtlanedetector\qtlanedetector\x64\debug\qtlanedetector.tlog\cl.command.1.tlog
c:\users\maciekkubicki\documents\visual studio 2015\projects\qtlanedetector\qtlanedetector\x64\debug\qtlanedetector.tlog\cl.read.1.tlog
c:\users\maciekkubicki\documents\visual studio 2015\projects\qtlanedetector\qtlanedetector\x64\debug\qtlanedetector.tlog\cl.write.1.tlog
c:\users\maciekkubicki\documents\visual studio 2015\projects\qtlanedetector\qtlanedetector\x64\debug\qtlanedetector.tlog\custombuild.command.1.tlog
c:\users\maciekkubicki\documents\visual studio 2015\projects\qtlanedetector\qtlanedetector\x64\debug\qtlanedetector.tlog\custombuild.read.1.tlog
c:\users\maciekkubicki\documents\visual studio 2015\projects\qtlanedetector\qtlanedetector\x64\debug\qtlanedetector.tlog\custombuild.write.1.tlog
c:\users\maciekkubicki\documents\visual studio 2015\projects\qtlanedetector\qtlanedetector\x64\debug\qtlanedetector.tlog\link.command.1.tlog
c:\users\maciekkubicki\documents\visual studio 2015\projects\qtlanedetector\qtlanedetector\x64\debug\qtlanedetector.tlog\link.read.1.tlog
c:\users\maciekkubicki\documents\visual studio 2015\projects\qtlanedetector\qtlanedetector\x64\debug\qtlanedetector.tlog\link.write.1.tlog
