c:\users\maciekkubicki\documents\visual studio 2015\projects\qtlanedetector\qtlanedetector\x64\release\qrc_qtlanedetector.obj
c:\users\maciekkubicki\documents\visual studio 2015\projects\qtlanedetector\qtlanedetector\x64\release\qtlanedetector.obj
c:\users\maciekkubicki\documents\visual studio 2015\projects\qtlanedetector\qtlanedetector\x64\release\player.obj
c:\users\maciekkubicki\documents\visual studio 2015\projects\qtlanedetector\qtlanedetector\x64\release\main.obj
c:\users\maciekkubicki\documents\visual studio 2015\projects\qtlanedetector\qtlanedetector\x64\release\linefit.obj
c:\users\maciekkubicki\documents\visual studio 2015\projects\qtlanedetector\qtlanedetector\x64\release\lanedetector.obj
c:\users\maciekkubicki\documents\visual studio 2015\projects\qtlanedetector\qtlanedetector\x64\release\moc_qtlanedetector.obj
c:\users\maciekkubicki\documents\visual studio 2015\projects\qtlanedetector\qtlanedetector\x64\release\moc_player.obj
c:\users\maciekkubicki\documents\visual studio 2015\projects\qtlanedetector\qtlanedetector\generatedfiles\release\moc_qtlanedetector.cpp
c:\users\maciekkubicki\documents\visual studio 2015\projects\qtlanedetector\qtlanedetector\generatedfiles\ui_qtlanedetector.h
c:\users\maciekkubicki\documents\visual studio 2015\projects\qtlanedetector\qtlanedetector\generatedfiles\release\moc_player.cpp
c:\users\maciekkubicki\documents\visual studio 2015\projects\qtlanedetector\qtlanedetector\generatedfiles\qrc_qtlanedetector.cpp
c:\users\maciekkubicki\documents\visual studio 2015\projects\qtlanedetector\x64\release\qtlanedetector.exe
c:\users\maciekkubicki\documents\visual studio 2015\projects\qtlanedetector\qtlanedetector\x64\release\qtlanedetector.tlog\cl.command.1.tlog
c:\users\maciekkubicki\documents\visual studio 2015\projects\qtlanedetector\qtlanedetector\x64\release\qtlanedetector.tlog\cl.read.1.tlog
c:\users\maciekkubicki\documents\visual studio 2015\projects\qtlanedetector\qtlanedetector\x64\release\qtlanedetector.tlog\cl.write.1.tlog
c:\users\maciekkubicki\documents\visual studio 2015\projects\qtlanedetector\qtlanedetector\x64\release\qtlanedetector.tlog\custombuild.command.1.tlog
c:\users\maciekkubicki\documents\visual studio 2015\projects\qtlanedetector\qtlanedetector\x64\release\qtlanedetector.tlog\custombuild.read.1.tlog
c:\users\maciekkubicki\documents\visual studio 2015\projects\qtlanedetector\qtlanedetector\x64\release\qtlanedetector.tlog\custombuild.write.1.tlog
c:\users\maciekkubicki\documents\visual studio 2015\projects\qtlanedetector\qtlanedetector\x64\release\qtlanedetector.tlog\link.command.1.tlog
c:\users\maciekkubicki\documents\visual studio 2015\projects\qtlanedetector\qtlanedetector\x64\release\qtlanedetector.tlog\link.read.1.tlog
